 *******************The First Matrix set Multiplication*******************
 matrix A
     1.00     2.00
     3.00     4.00
     5.00     6.00
     7.00     8.00
     9.00    10.00
 matrix B
     5.00     6.00     7.00
     7.00     8.00     7.00
 matrix C
    19.00    22.00    21.00
    43.00    50.00    49.00
    67.00    78.00    77.00
    91.00   106.00   105.00
   115.00   134.00   133.00
 *******************The Second Matrix set Multiplication*******************
 matrix A
    19.00    22.00    21.00
    43.00    50.00    49.00
    67.00    78.00    77.00
    91.00   106.00   105.00
   115.00   134.00   133.00
 matrix B
     1.00     2.00     3.00     4.00
     2.00     3.00     4.00     5.00
     3.00     4.00     5.00     6.00
 matrix C
   126.00   188.00   250.00   312.00
   290.00   432.00   574.00   716.00
   454.00   676.00   898.00  1120.00
   618.00   920.00  1222.00  1524.00
   782.00  1164.00  1546.00  1928.00
 *******************The Third  Matrix set Multiplication*******************
 matrix A
   126.00   188.00   250.00   312.00
   290.00   432.00   574.00   716.00
   454.00   676.00   898.00  1120.00
   618.00   920.00  1222.00  1524.00
   782.00  1164.00  1546.00  1928.00
 matrix B
     1.00     0.00     0.00     0.00     0.00     0.00
     0.00     1.00     0.00     0.00     0.00     0.00
     0.00     0.00     1.00     0.00     0.00     0.00
     0.00     0.00     0.00     1.00     0.00     0.00
 matrix C
   126.00   188.00   250.00   312.00     0.00     0.00
   290.00   432.00   574.00   716.00     0.00     0.00
   454.00   676.00   898.00  1120.00     0.00     0.00
   618.00   920.00  1222.00  1524.00     0.00     0.00
   782.00  1164.00  1546.00  1928.00     0.00     0.00
 *******************The fourth Matrix set Multiplication*******************
 matrix A
   126.00   188.00   250.00   312.00     0.00     0.00
   290.00   432.00   574.00   716.00     0.00     0.00
   454.00   676.00   898.00  1120.00     0.00     0.00
   618.00   920.00  1222.00  1524.00     0.00     0.00
   782.00  1164.00  1546.00  1928.00     0.00     0.00
 matrix B
     1.00     2.00     3.00
     4.00     5.00     6.00
     1.00     2.00     3.00
     4.00     5.00     6.00
     1.00     2.00     3.00
     4.00     5.00     6.00
 matrix C
  2376.00  3252.00  4128.00
  5456.00  7468.00  9480.00
  8536.00 11684.00 14832.00
 11616.00 15900.00 20184.00
 14696.00 20116.00 25536.00
